Chapter07/app/build/intermediates/manifest_merge_blame_file/debug/manifest-merger-blame-debug-report.txt
1<?xml version="1.0" encoding="utf-8"?>
2<manifest xmlns:android="http://schemas.android.com/apk/res/android"
3    package="com.syoon.compose.chapter07"
4    android:versionCode="1"
5    android:versionName="1.0" >
6
7    <uses-sdk
8        android:minSdkVersion="24"
8-->src\main\AndroidManifest.xml
9        android:targetSdkVersion="32" />
9-->src\main\AndroidManifest.xml
10
11    <application
11-->src\main\AndroidManifest.xml:5:5-30:19
12        android:allowBackup="true"
12-->src\main\AndroidManifest.xml:6:9-35
13        android:appComponentFactory="androidx.core.app.CoreComponentFactory"
13-->[androidx.core:core:1.7.0] AndroidManifest.xml:24:18-86
14        android:dataExtractionRules="@xml/data_extraction_rules"
14-->src\main\AndroidManifest.xml:7:9-65
15        android:debuggable="true"
16        android:extractNativeLibs="false"
17        android:fullBackupContent="@xml/backup_rules"
17-->src\main\AndroidManifest.xml:8:9-54
18        android:icon="@mipmap/ic_launcher"
18-->src\main\AndroidManifest.xml:9:9-43
19        android:label="@string/app_name"
19-->src\main\AndroidManifest.xml:10:9-41
20        android:roundIcon="@mipmap/ic_launcher_round"
20-->src\main\AndroidManifest.xml:11:9-54
21        android:supportsRtl="true"
21-->src\main\AndroidManifest.xml:12:9-35
22        android:testOnly="true"
23        android:theme="@style/Theme.Chapter07" >
23-->src\main\AndroidManifest.xml:13:9-47
24        <activity
24-->src\main\AndroidManifest.xml:15:9-29:20
25            android:name="com.syoon.compose.chapter07.MainActivity"
25-->src\main\AndroidManifest.xml:16:13-41
26            android:exported="true"
26-->src\main\AndroidManifest.xml:17:13-36
27            android:label="@string/app_name"
27-->src\main\AndroidManifest.xml:18:13-45
28            android:theme="@style/Theme.Chapter07" >
28-->src\main\AndroidManifest.xml:19:13-51
29            <intent-filter>
29-->src\main\AndroidManifest.xml:20:13-24:29
30                <action android:name="android.intent.action.MAIN" />
30-->src\main\AndroidManifest.xml:21:17-69
30-->src\main\AndroidManifest.xml:21:25-66
31
32                <category android:name="android.intent.category.LAUNCHER" />
32-->src\main\AndroidManifest.xml:23:17-77
32-->src\main\AndroidManifest.xml:23:27-74
33            </intent-filter>
34
35            <meta-data
35-->src\main\AndroidManifest.xml:26:13-28:36
36                android:name="android.app.lib_name"
36-->src\main\AndroidManifest.xml:27:17-52
37                android:value="" />
37-->src\main\AndroidManifest.xml:28:17-33
38        </activity>
39        <activity
39-->[androidx.compose.ui:ui-tooling:1.1.1] AndroidManifest.xml:25:9-27:39
40            android:name="androidx.compose.ui.tooling.PreviewActivity"
40-->[androidx.compose.ui:ui-tooling:1.1.1] AndroidManifest.xml:26:13-71
41            android:exported="true" />
41-->[androidx.compose.ui:ui-tooling:1.1.1] AndroidManifest.xml:27:13-36
42        <activity
42-->[androidx.compose.ui:ui-test-manifest:1.1.1] AndroidManifest.xml:25:9-27:39
43            android:name="androidx.activity.ComponentActivity"
43-->[androidx.compose.ui:ui-test-manifest:1.1.1] AndroidManifest.xml:26:13-63
44            android:exported="true" />
44-->[androidx.compose.ui:ui-test-manifest:1.1.1] AndroidManifest.xml:27:13-36
45
46        <provider
46-->[androidx.profileinstaller:profileinstaller:1.1.0] AndroidManifest.xml:26:9-34:20
47            android:name="androidx.startup.InitializationProvider"
47-->[androidx.profileinstaller:profileinstaller:1.1.0] AndroidManifest.xml:27:13-67
48            android:authorities="com.syoon.compose.chapter07.androidx-startup"
48-->[androidx.profileinstaller:profileinstaller:1.1.0] AndroidManifest.xml:28:13-68
49            android:exported="false" >
49-->[androidx.profileinstaller:profileinstaller:1.1.0] AndroidManifest.xml:29:13-37
50            <meta-data
50-->[androidx.profileinstaller:profileinstaller:1.1.0] AndroidManifest.xml:31:13-33:52
51                android:name="androidx.profileinstaller.ProfileInstallerInitializer"
51-->[androidx.profileinstaller:profileinstaller:1.1.0] AndroidManifest.xml:32:17-85
52                android:value="androidx.startup" />
52-->[androidx.profileinstaller:profileinstaller:1.1.0] AndroidManifest.xml:33:17-49
53        </provider>
54
55        <receiver
55-->[androidx.profileinstaller:profileinstaller:1.1.0] AndroidManifest.xml:36:9-45:20
56            android:name="androidx.profileinstaller.ProfileInstallReceiver"
56-->[androidx.profileinstaller:profileinstaller:1.1.0] AndroidManifest.xml:37:13-76
57            android:directBootAware="false"
57-->[androidx.profileinstaller:profileinstaller:1.1.0] AndroidManifest.xml:38:13-44
58            android:enabled="true"
58-->[androidx.profileinstaller:profileinstaller:1.1.0] AndroidManifest.xml:39:13-35
59            android:exported="true"
59-->[androidx.profileinstaller:profileinstaller:1.1.0] AndroidManifest.xml:40:13-36
60            android:permission="android.permission.DUMP" >
60-->[androidx.profileinstaller:profileinstaller:1.1.0] AndroidManifest.xml:41:13-57
61            <intent-filter>
61-->[androidx.profileinstaller:profileinstaller:1.1.0] AndroidManifest.xml:42:13-44:29
62                <action android:name="androidx.profileinstaller.action.INSTALL_PROFILE" />
62-->[androidx.profileinstaller:profileinstaller:1.1.0] AndroidManifest.xml:43:17-91
62-->[androidx.profileinstaller:profileinstaller:1.1.0] AndroidManifest.xml:43:25-88
63            </intent-filter>
64        </receiver>
65    </application>
66
67</manifest>